<?xml version="1.0" encoding="UTF-8"?>
<!-- Generated by org.testng.reporters.JUnitReportReporter -->
<testsuite hostname="DESKTOP-TDDQJB9" failures="0" tests="1" name="sample.Test2" time="0.006" errors="0" timestamp="2023-04-13T11:52:01 IST" skipped="0">
  <testcase classname="sample.Test2" name="M2" time="0.006"/>
  <system-out/>
</testsuite> <!-- sample.Test2 -->
