<?xml version="1.0" encoding="UTF-8"?>
<!-- Generated by org.testng.reporters.JUnitReportReporter -->
<testsuite hostname="DESKTOP-TDDQJB9" failures="0" tests="1" name="sample.A" time="0.006" errors="0" timestamp="2023-04-13T10:31:45 IST" skipped="0">
  <testcase classname="sample.A" name="Test1" time="0.006"/>
  <system-out/>
</testsuite> <!-- sample.A -->
