<?xml version="1.0" encoding="UTF-8"?>
<!-- Generated by org.testng.reporters.JUnitReportReporter -->
<testsuite hostname="DESKTOP-TDDQJB9" failures="0" tests="1" name="sample.AutomatioTest" time="0.007" errors="0" timestamp="2023-04-13T10:59:55 IST" skipped="0">
  <testcase classname="sample.AutomatioTest" name="A" time="0.007"/>
  <system-out/>
</testsuite> <!-- sample.AutomatioTest -->
