<?xml version="1.0" encoding="UTF-8"?>
<!-- Generated by org.testng.reporters.JUnitReportReporter -->
<testsuite hostname="DESKTOP-TDDQJB9" failures="0" tests="2" name="Demo.demo" time="0.008" errors="0" timestamp="2023-04-13T13:08:11 IST" skipped="0">
  <testcase classname="Demo.demo" name="sample" time="0.007"/>
  <system-out/>
  <testcase classname="Demo.demo" name="sample1" time="0.001"/>
  <system-out/>
</testsuite> <!-- Demo.demo -->
