<?xml version="1.0" encoding="UTF-8"?>
<!-- Generated by org.testng.reporters.JUnitReportReporter -->
<testsuite hostname="DESKTOP-TDDQJB9" failures="0" tests="1" name="Demo.demo" time="0.006" errors="0" timestamp="2023-04-07T16:00:55 IST" skipped="0">
  <testcase classname="Demo.demo" name="sample" time="0.006"/>
  <system-out/>
</testsuite> <!-- Demo.demo -->
