<?xml version="1.0" encoding="UTF-8"?>
<!-- Generated by org.testng.reporters.JUnitReportReporter -->
<testsuite hostname="DESKTOP-TDDQJB9" failures="0" tests="1" name="Demo.SapmpleTest" time="0.006" errors="0" timestamp="2023-04-12T16:59:35 IST" skipped="0">
  <testcase classname="Demo.SapmpleTest" name="test1" time="0.006"/>
  <system-out/>
</testsuite> <!-- Demo.SapmpleTest -->
