<?xml version="1.0" encoding="UTF-8"?>
<!-- Generated by org.testng.reporters.JUnitReportReporter -->
<testsuite hostname="DESKTOP-TDDQJB9" failures="0" tests="1" name="sample.SampleTest1" time="0.009" errors="0" timestamp="2023-04-13T10:13:15 IST" skipped="0">
  <testcase classname="sample.SampleTest1" name="AT" time="0.009"/>
  <system-out/>
</testsuite> <!-- sample.SampleTest1 -->
