<?xml version="1.0" encoding="UTF-8"?>
<!-- Generated by org.testng.reporters.JUnitReportReporter -->
<testsuite hostname="DESKTOP-TDDQJB9" failures="0" tests="1" name="Demo.SampleTest" time="0.010" errors="0" timestamp="2023-04-13T09:26:07 IST" skipped="0">
  <testcase classname="Demo.SampleTest" name="test1" time="0.010"/>
  <system-out/>
</testsuite> <!-- Demo.SampleTest -->
