<?xml version="1.0" encoding="UTF-8"?>
<!-- Generated by org.testng.reporters.JUnitReportReporter -->
<testsuite hostname="DESKTOP-TDDQJB9" failures="0" tests="1" name="sample.Test3" time="0.012" errors="0" timestamp="2023-04-13T11:57:37 IST" skipped="0">
  <testcase classname="sample.Test3" name="M3" time="0.012"/>
  <system-out/>
</testsuite> <!-- sample.Test3 -->
